<?xml version="1.0" encoding="UTF-8"?>
<testsuite name="com.towertex.tmdbapi.TMDBApiTest" tests="9" skipped="0" failures="0" errors="0" timestamp="2025-01-22T22:03:03" hostname="VICTUSOR" time="1.088">
  <properties/>
  <testcase name="trendingGet returns first page by default" classname="com.towertex.tmdbapi.TMDBApiTest" time="0.603"/>
  <testcase name="configurationGet will fail when the authentication is missing" classname="com.towertex.tmdbapi.TMDBApiTest" time="0.127"/>
  <testcase name="trendingGet returns valid result" classname="com.towertex.tmdbapi.TMDBApiTest" time="0.043"/>
  <testcase name="configurationGet returns valid result" classname="com.towertex.tmdbapi.TMDBApiTest" time="0.039"/>
  <testcase name="trendingGet will fail when the authentication is missing" classname="com.towertex.tmdbapi.TMDBApiTest" time="0.124"/>
  <testcase name="api SerializationException should return SERIALIZATION" classname="com.towertex.tmdbapi.TMDBApiTest" time="0.005"/>
  <testcase name="dummy test to verify the JUnit itself is working correctly" classname="com.towertex.tmdbapi.TMDBApiTest" time="0.001"/>
  <testcase name="trendingGet returns second page" classname="com.towertex.tmdbapi.TMDBApiTest" time="0.141"/>
  <testcase name="api UnresolvedAddressException should return NO_INTERNET" classname="com.towertex.tmdbapi.TMDBApiTest" time="0.002"/>
  <system-out><![CDATA[REQUEST: https://api.themoviedb.org/3/trending/all/week?page=1
METHOD: HttpMethod(value=GET)
COMMON HEADERS
-> Accept: application/json
-> Accept-Charset: UTF-8
-> Authorization: Bearer eyJhbGciOiJIUzI1NiJ9.eyJhdWQiOiIxOTk1NDA5ZWU2NDdjOTVlNjMyZDNiMzJlYzc3ODBjZSIsInN1YiI6IjYzMmMzN2Y5YzhmM2M0MDA4M2VhYmM1NyIsInNjb3BlcyI6WyJhcGlfcmVhZCJdLCJ2ZXJzaW9uIjoxfQ.dyUD9h6YUuIcRbx-pQY0HmCUc8xHd6qfBEcMDyFbd6I
CONTENT HEADERS
-> Content-Length: 0
BODY Content-Type: null
BODY START

BODY END
RESPONSE: 200 OK
METHOD: HttpMethod(value=GET)
FROM: https://api.themoviedb.org/3/trending/all/week?page=1
COMMON HEADERS
-> alt-svc: h3=":443"; ma=86400
-> cache-control: public, max-age=300
-> connection: keep-alive
-> content-length: 11970
-> content-type: application/json;charset=utf-8
-> date: Wed, 22 Jan 2025 22:03:05 GMT
-> etag: W/"18da75fafebb8c93555ce7c3be796c5d"
-> server: openresty
-> vary: Origin; Accept-Encoding,accept-encoding
-> via: 1.1 4614c36172b2854b1e1e94af37435c8e.cloudfront.net (CloudFront)
-> x-amz-cf-id: f7qXk2fB4GLGYbJKX6PVJmL8riK618zyOvJyfZTh4fp1hAujqBbJ1Q==
-> x-amz-cf-pop: PRG50-C1
-> x-cache: Miss from cloudfront
-> x-memc: HIT
-> x-memc-age: 300
-> x-memc-expires: 300
-> x-memc-key: f79d1cb8378c4218d6c84e42a2af61c8
BODY Content-Type: application/json; charset=utf-8
BODY START
{"page":1,"results":[{"backdrop_path":"/fYnEbgoNCxW9kL0IgOgtJb9JTBU.jpg","id":426063,"title":"Nosferatu","original_title":"Nosferatu","overview":"A gothic tale of obsession between a haunted young woman and the terrifying vampire infatuated with her, causing untold horror in its wake.","poster_path":"/5qGIxdEO841C0tdY8vOdLoRVrr0.jpg","media_type":"movie","adult":false,"original_language":"en","genre_ids":[18,14,27],"popularity":693.489,"release_date":"2024-12-25","video":false,"vote_average":6.667,"vote_count":1235},{"backdrop_path":"/b85bJfrTOSJ7M5Ox0yp4lxIxdG1.jpg","id":939243,"title":"Sonic the Hedgehog 3","original_title":"Sonic the Hedgehog 3","overview":"Sonic, Knuckles, and Tails reunite against a powerful new adversary, Shadow, a mysterious villain with powers unlike anything they have faced before. With their abilities outmatched in every way, Team Sonic must seek out an unlikely alliance in hopes of stopping Shadow and protecting the planet.","poster_path":"/d8Ryb8AunYAuycVKDp5HpdWPKgC.jpg","media_type":"movie","adult":false,"original_language":"en","genre_ids":[28,878,35,10751],"popularity":3560.42,"release_date":"2024-12-19","video":false,"vote_average":7.6,"vote_count":753},{"backdrop_path":"/xZm5YUNY3PlYD1Q4k7X8zd2V4AK.jpg","id":993710,"title":"Back in Action","original_title":"Back in Action","overview":"Fifteen years after vanishing from the CIA to start a family, elite spies Matt and Emily jump back into the world of espionage when their cover is blown.","poster_path":"/3L3l6LsiLGHkTG4RFB2aBA6BttB.jpg","media_type":"movie","adult":false,"original_language":"en","genre_ids":[28,35],"popularity":1161.824,"release_date":"2025-01-15","video":false,"vote_average":6.667,"vote_count":369},{"backdrop_path":"/ixgFmf1X59PUZam2qbAfskx2gQr.jpg","id":95396,"name":"Severance","original_name":"Severance","overview":"Mark leads a team of office workers whose memories have been surgically divided between their work and personal lives. When a mysterious colleague appears outside of work, it begins a journey to discover the truth about their jobs.","poster_path":"/pPHpeI2X1qEd1CS1SeyrdhZ4qnT.jpg","media_type":"tv","adult":false,"original_language":"en","genre_ids":[18,9648,10765],"popularity":630.004,"first_air_date":"2022-02-17","vote_average":8.4,"vote_count":1440,"origin_country":["US"]},{"backdrop_path":"/v9Du2HC3hlknAvGlWhquRbeifwW.jpg","id":539972,"title":"Kraven the Hunter","original_title":"Kraven the Hunter","overview":"Kraven Kravinoff's complex relationship with his ruthless gangster father, Nikolai, starts him down a path of vengeance with brutal consequences, motivating him to become not only the greatest hunter in the world, but also one of its most feared.","poster_path":"/i47IUSsN126K11JUzqQIOi1Mg1M.jpg","media_type":"movie","adult":false,"original_language":"en","genre_ids":[28,878,12,14,53],"popularity":4706.901,"release_date":"2024-12-11","video":false,"vote_average":6.555,"vote_count":719},{"backdrop_path":"/uKb22E0nlzr914bA9KyA5CVCOlV.jpg","id":402431,"title":"Wicked","original_title":"Wicked","overview":"In the land of Oz, ostracized and misunderstood green-skinned Elphaba is forced to share a room with the popular aristocrat Glinda at Shiz University, and the two's unlikely friendship is tested as they begin to fulfill their respective destinies as Glinda the Good and the Wicked Witch of the West.","poster_path":"/2E1x1qcHqGZcYuYi4PzVZjzg8IV.jpg","media_type":"movie","adult":false,"original_language":"en","genre_ids":[18,10749,14],"popularity":1060.159,"release_date":"2024-11-20","video":false,"vote_average":7.0,"vote_count":1410},{"backdrop_path":"/87mebbBtoWzHV0kILgV6M7yIfun.jpg","id":93405,"name":"Squid Game","original_name":"오징어 게임","overview":"Hundreds of cash-strapped players accept a strange invitation to compete in children's games. Inside, a tempting prize awaits — with deadly high stakes.","poster_path":"/1QdXdRYfktUSONkl1oD5gc6Be0s.jpg","media_type":"tv","adult":false,"original_language":"ko","genre_ids":[10759,9648,18],"popularity":3790.844,"first_air_date":"2021-09-17","vote_average":7.853,"vote_count":15143,"origin_country":["KR"]},{"backdrop_path":"/bWZFMAEaO2Yfmy0ojRhsd39865U.jpg","id":246381,"name":"Prime Target","original_name":"Prime Target","overview":"A brilliant math student is on the verge of a major breakthrough when a shadowy enemy tries to stop him. Fighting for answers—and his life—he teams up with a government agent to unravel a high-stakes conspiracy.","poster_path":"/bGYCimDXRL7cE3uETLZzMCFOdJo.jpg","media_type":"tv","adult":false,"original_language":"en","genre_ids":[18,80],"popularity":80.282,"first_air_date":"2025-01-22","vote_average":7.9,"vote_count":7,"origin_country":["GB"]},{"backdrop_path":"/n5FPNMJ0eRoiQrKGfUQQRAZeaxg.jpg","id":125988,"name":"Silo","original_name":"Silo","overview":"In a ruined and toxic future, thousands live in a giant silo deep underground. After its sheriff breaks a cardinal rule and residents die mysteriously, engineer Juliette starts to uncover shocking secrets and the truth about the silo.","poster_path":"/tlliQuCupf8fpTH7RAor3aKMGy.jpg","media_type":"tv","adult":false,"original_language":"en","genre_ids":[10765,18],"popularity":948.537,"first_air_date":"2023-05-04","vote_average":8.168,"vote_count":1300,"origin_country":["US"]},{"backdrop_path":"/haX32ZQxOgDWcJO5sTiTUEE1Ulr.jpg","id":1388694,"title":"The Calendar Killer","original_title":"Sebastian Fitzeks Der Heimweg","overview":"","poster_path":"/bnciRmZZSdyqp7HcrAwNG0mObaP.jpg","media_type":"movie","adult":false,"original_language":"de","genre_ids":[80,53],"popularity":247.037,"release_date":"2025-01-15","video":false,"vote_average":6.3,"vote_count":81},{"backdrop_path":"/bFPqSvR2EmWQ9AlzWkC801XpoAZ.jpg","id":933260,"title":"The Substance","original_title":"The Substance","overview":"A fading celebrity decides to use a black market drug, a cell-replicating substance that temporarily creates a younger, better version of herself.","poster_path":"/lqoMzCcZYEFK729d6qzt349fB4o.jpg","media_type":"movie","adult":false,"original_language":"en","genre_ids":[27,878],"popularity":835.736,"release_date":"2024-09-07","video":false,"vote_average":7.1,"vote_count":3360},{"backdrop_path":"/m8iL42J8CuXh745BaQBa6b1mNrP.jpg","id":1101448,"title":"Unstoppable","original_title":"Unstoppable","overview":"Unstoppable is the inspiring true story of Anthony Robles who was born with one leg but whose unbreakable resolve empowered him to defy the odds and pursue his dreams. With the unwavering love and support of his devoted mother and the encouragement of his coaches, Anthony fights through adversity to earn a spot on the Arizona State Wrestling team on his quest to become an NCAA Champion.","poster_path":"/xanYKxuFkDPrMngvm1NSHVGOEjS.jpg","media_type":"movie","adult":false,"original_language":"en","genre_ids":[18,36],"popularity":111.895,"release_date":"2024-12-06","video":false,"vote_average":3.992,"vote_count":61},{"backdrop_path":"/wwARk7hRIfHfh2n2ubN6N7lvTne.jpg","id":710295,"title":"Wolf Man","original_title":"Wolf Man","overview":"With his marriage fraying, Blake persuades his wife Charlotte to take a break from the city and visit his remote childhood home in rural Oregon. As they arrive at the farmhouse in the dead of night, they're attacked by an unseen animal and barricade themselves inside the home as the creature prowls the perimeter. But as the night stretches on, Blake begins to behave strangely, transforming into something unrecognizable.","poster_path":"/tUtuMtC6oaRXr4x2B5Xi6ABdMCv.jpg","media_type":"movie","adult":false,"original_language":"en","genre_ids":[27,53],"popularity":321.207,"release_date":"2025-01-15","video":false,"vote_average":6.8,"vote_count":71},{"backdrop_path":"/oHPoF0Gzu8xwK4CtdXDaWdcuZxZ.jpg","id":762509,"title":"Mufasa: The Lion King","original_title":"Mufasa: The Lion King","overview":"Mufasa, a cub lost and alone, meets a sympathetic lion named Taka, the heir to a royal bloodline. The chance meeting sets in motion an expansive journey of a group of misfits searching for their destiny.","poster_path":"/jbOSUAWMGzGL1L4EaUF8K6zYFo7.jpg","media_type":"movie","adult":false,"original_language":"en","genre_ids":[12,10751,16],"popularity":2536.153,"release_date":"2024-12-18","video":false,"vote_average":7.434,"vote_count":814},{"backdrop_path":"/4cp40IyTpFfsT2IKpl0YlUkMBIR.jpg","id":1064213,"title":"Anora","original_title":"Anora","overview":"A young sex worker from Brooklyn gets her chance at a Cinderella story when she meets and impulsively marries the son of an oligarch. Once the news reaches Russia, her fairytale is threatened as his parents set out to get the marriage annulled.","poster_path":"/7MrgIUeq0DD2iF7GR6wqJfYZNeC.jpg","media_type":"movie","adult":false,"original_language":"en","genre_ids":[10749,35,18],"popularity":360.43,"release_date":"2024-10-14","video":false,"vote_average":7.0,"vote_count":772},{"backdrop_path":"/fViElUGfdoZjtnVxvSpJX8TwxY6.jpg","id":1013850,"title":"A Real Pain","original_title":"A Real Pain","overview":"Mismatched cousins David and Benji reunite for a tour through Poland to honor their beloved grandmother. The adventure takes a turn when the pair's old tensions resurface against the backdrop of their family history.","poster_path":"/yaTFjMNh8D78dDHrglivOTv5YOx.jpg","media_type":"movie","adult":false,"original_language":"en","genre_ids":[35,18],"popularity":272.615,"release_date":"2024-11-01","video":false,"vote_average":6.769,"vote_count":242},{"backdrop_path":"/b3mdmjYTEL70j7nuXATUAD9qgu4.jpg","id":823219,"title":"Flow","original_title":"Straume","overview":"A solitary cat, displaced by a great flood, finds refuge on a boat with various species and must navigate the challenges of adapting to a transformed world together.","poster_path":"/imKSymKBK7o73sajciEmndJoVkR.jpg","media_type":"movie","adult":false,"original_language":"lv","genre_ids":[16,14,12],"popularity":528.119,"release_date":"2024-08-29","video":false,"vote_average":8.398,"vote_count":848},{"backdrop_path":"/qSOMdbZ6AOdHR999HWwVAh6ALFI.jpg","id":1249289,"title":"Alarum","original_title":"Alarum","overview":"Two married spies caught in the crosshairs of an international intelligence network will stop at nothing to obtain a critical asset. Joe and Lara are agents living off the grid whose quiet retreat at a winter resort is blown to shreds when members of the old guard suspect the two may have joined an elite team of rogue spies, known as Alarum.","poster_path":"/v313aUGmMNj6yNveaiQXysBmjVS.jpg","media_type":"movie","adult":false,"original_language":"en","genre_ids":[28,80,53],"popularity":322.549,"release_date":"2025-01-16","video":false,"vote_average":5.8,"vote_count":28},{"backdrop_path":"/9V81UUI5MlRYgDCfK5E8iqi0eYM.jpg","id":454626,"title":"Sonic the Hedgehog","original_title":"Sonic the Hedgehog","overview":"Powered with incredible speed, Sonic The Hedgehog embraces his new home on Earth. That is, until Sonic sparks the attention of super-uncool evil genius Dr. Robotnik. Now it’s super-villain vs. super-sonic in an all-out race across the globe to stop Robotnik from using Sonic’s unique power for world domination.","poster_path":"/aQvJ5WPzZgYVDrxLX4R6cLJCEaQ.jpg","media_type":"movie","adult":false,"original_language":"en","genre_ids":[28,878,35,10751],"popularity":306.267,"release_date":"2020-02-12","video":false,"vote_average":7.308,"vote_count":9685},{"backdrop_path":"/6E0hbesJfpekAqL2AeHYukkHcbD.jpg","id":202879,"name":"Star Wars: Skeleton Crew","original_name":"Star Wars: Skeleton Crew","overview":"Four ordinary kids search for their home planet after getting lost in the Star Wars galaxy.","poster_path":"/srQbJhLRKoAwRrNN5ga7webPHbC.jpg","media_type":"tv","adult":false,"original_language":"en","genre_ids":[10759,10765],"popularity":322.881,"first_air_date":"2024-12-02","vote_average":7.1,"vote_count":202,"origin_country":["US"]}],"total_pages":500,"total_results":10000}
BODY END
REQUEST: https://api.themoviedb.org/3/trending/all/week?page=1
METHOD: HttpMethod(value=GET)
COMMON HEADERS
-> Accept: application/json
-> Accept-Charset: UTF-8
-> Authorization: Bearer eyJhbGciOiJIUzI1NiJ9.eyJhdWQiOiIxOTk1NDA5ZWU2NDdjOTVlNjMyZDNiMzJlYzc3ODBjZSIsInN1YiI6IjYzMmMzN2Y5YzhmM2M0MDA4M2VhYmM1NyIsInNjb3BlcyI6WyJhcGlfcmVhZCJdLCJ2ZXJzaW9uIjoxfQ.dyUD9h6YUuIcRbx-pQY0HmCUc8xHd6qfBEcMDyFbd6I
CONTENT HEADERS
-> Content-Length: 0
BODY Content-Type: null
BODY START

BODY END
RESPONSE: 200 OK
METHOD: HttpMethod(value=GET)
FROM: https://api.themoviedb.org/3/trending/all/week?page=1
COMMON HEADERS
-> alt-svc: h3=":443"; ma=86400
-> cache-control: public, max-age=300
-> connection: keep-alive
-> content-length: 11970
-> content-type: application/json;charset=utf-8
-> date: Wed, 22 Jan 2025 22:03:05 GMT
-> etag: W/"18da75fafebb8c93555ce7c3be796c5d"
-> server: openresty
-> vary: Origin; Accept-Encoding,accept-encoding
-> via: 1.1 4614c36172b2854b1e1e94af37435c8e.cloudfront.net (CloudFront)
-> x-amz-cf-id: PX6sQOHn4x_glfQ3kIE5eJRCXQVZ8pCO_3NxShP98EaHuPlO1lQblQ==
-> x-amz-cf-pop: PRG50-C1
-> x-cache: Hit from cloudfront
-> x-memc: HIT
-> x-memc-age: 300
-> x-memc-expires: 300
-> x-memc-key: f79d1cb8378c4218d6c84e42a2af61c8
BODY Content-Type: application/json; charset=utf-8
BODY START
{"page":1,"results":[{"backdrop_path":"/fYnEbgoNCxW9kL0IgOgtJb9JTBU.jpg","id":426063,"title":"Nosferatu","original_title":"Nosferatu","overview":"A gothic tale of obsession between a haunted young woman and the terrifying vampire infatuated with her, causing untold horror in its wake.","poster_path":"/5qGIxdEO841C0tdY8vOdLoRVrr0.jpg","media_type":"movie","adult":false,"original_language":"en","genre_ids":[18,14,27],"popularity":693.489,"release_date":"2024-12-25","video":false,"vote_average":6.667,"vote_count":1235},{"backdrop_path":"/b85bJfrTOSJ7M5Ox0yp4lxIxdG1.jpg","id":939243,"title":"Sonic the Hedgehog 3","original_title":"Sonic the Hedgehog 3","overview":"Sonic, Knuckles, and Tails reunite against a powerful new adversary, Shadow, a mysterious villain with powers unlike anything they have faced before. With their abilities outmatched in every way, Team Sonic must seek out an unlikely alliance in hopes of stopping Shadow and protecting the planet.","poster_path":"/d8Ryb8AunYAuycVKDp5HpdWPKgC.jpg","media_type":"movie","adult":false,"original_language":"en","genre_ids":[28,878,35,10751],"popularity":3560.42,"release_date":"2024-12-19","video":false,"vote_average":7.6,"vote_count":753},{"backdrop_path":"/xZm5YUNY3PlYD1Q4k7X8zd2V4AK.jpg","id":993710,"title":"Back in Action","original_title":"Back in Action","overview":"Fifteen years after vanishing from the CIA to start a family, elite spies Matt and Emily jump back into the world of espionage when their cover is blown.","poster_path":"/3L3l6LsiLGHkTG4RFB2aBA6BttB.jpg","media_type":"movie","adult":false,"original_language":"en","genre_ids":[28,35],"popularity":1161.824,"release_date":"2025-01-15","video":false,"vote_average":6.667,"vote_count":369},{"backdrop_path":"/ixgFmf1X59PUZam2qbAfskx2gQr.jpg","id":95396,"name":"Severance","original_name":"Severance","overview":"Mark leads a team of office workers whose memories have been surgically divided between their work and personal lives. When a mysterious colleague appears outside of work, it begins a journey to discover the truth about their jobs.","poster_path":"/pPHpeI2X1qEd1CS1SeyrdhZ4qnT.jpg","media_type":"tv","adult":false,"original_language":"en","genre_ids":[18,9648,10765],"popularity":630.004,"first_air_date":"2022-02-17","vote_average":8.4,"vote_count":1440,"origin_country":["US"]},{"backdrop_path":"/v9Du2HC3hlknAvGlWhquRbeifwW.jpg","id":539972,"title":"Kraven the Hunter","original_title":"Kraven the Hunter","overview":"Kraven Kravinoff's complex relationship with his ruthless gangster father, Nikolai, starts him down a path of vengeance with brutal consequences, motivating him to become not only the greatest hunter in the world, but also one of its most feared.","poster_path":"/i47IUSsN126K11JUzqQIOi1Mg1M.jpg","media_type":"movie","adult":false,"original_language":"en","genre_ids":[28,878,12,14,53],"popularity":4706.901,"release_date":"2024-12-11","video":false,"vote_average":6.555,"vote_count":719},{"backdrop_path":"/uKb22E0nlzr914bA9KyA5CVCOlV.jpg","id":402431,"title":"Wicked","original_title":"Wicked","overview":"In the land of Oz, ostracized and misunderstood green-skinned Elphaba is forced to share a room with the popular aristocrat Glinda at Shiz University, and the two's unlikely friendship is tested as they begin to fulfill their respective destinies as Glinda the Good and the Wicked Witch of the West.","poster_path":"/2E1x1qcHqGZcYuYi4PzVZjzg8IV.jpg","media_type":"movie","adult":false,"original_language":"en","genre_ids":[18,10749,14],"popularity":1060.159,"release_date":"2024-11-20","video":false,"vote_average":7.0,"vote_count":1410},{"backdrop_path":"/87mebbBtoWzHV0kILgV6M7yIfun.jpg","id":93405,"name":"Squid Game","original_name":"오징어 게임","overview":"Hundreds of cash-strapped players accept a strange invitation to compete in children's games. Inside, a tempting prize awaits — with deadly high stakes.","poster_path":"/1QdXdRYfktUSONkl1oD5gc6Be0s.jpg","media_type":"tv","adult":false,"original_language":"ko","genre_ids":[10759,9648,18],"popularity":3790.844,"first_air_date":"2021-09-17","vote_average":7.853,"vote_count":15143,"origin_country":["KR"]},{"backdrop_path":"/bWZFMAEaO2Yfmy0ojRhsd39865U.jpg","id":246381,"name":"Prime Target","original_name":"Prime Target","overview":"A brilliant math student is on the verge of a major breakthrough when a shadowy enemy tries to stop him. Fighting for answers—and his life—he teams up with a government agent to unravel a high-stakes conspiracy.","poster_path":"/bGYCimDXRL7cE3uETLZzMCFOdJo.jpg","media_type":"tv","adult":false,"original_language":"en","genre_ids":[18,80],"popularity":80.282,"first_air_date":"2025-01-22","vote_average":7.9,"vote_count":7,"origin_country":["GB"]},{"backdrop_path":"/n5FPNMJ0eRoiQrKGfUQQRAZeaxg.jpg","id":125988,"name":"Silo","original_name":"Silo","overview":"In a ruined and toxic future, thousands live in a giant silo deep underground. After its sheriff breaks a cardinal rule and residents die mysteriously, engineer Juliette starts to uncover shocking secrets and the truth about the silo.","poster_path":"/tlliQuCupf8fpTH7RAor3aKMGy.jpg","media_type":"tv","adult":false,"original_language":"en","genre_ids":[10765,18],"popularity":948.537,"first_air_date":"2023-05-04","vote_average":8.168,"vote_count":1300,"origin_country":["US"]},{"backdrop_path":"/haX32ZQxOgDWcJO5sTiTUEE1Ulr.jpg","id":1388694,"title":"The Calendar Killer","original_title":"Sebastian Fitzeks Der Heimweg","overview":"","poster_path":"/bnciRmZZSdyqp7HcrAwNG0mObaP.jpg","media_type":"movie","adult":false,"original_language":"de","genre_ids":[80,53],"popularity":247.037,"release_date":"2025-01-15","video":false,"vote_average":6.3,"vote_count":81},{"backdrop_path":"/bFPqSvR2EmWQ9AlzWkC801XpoAZ.jpg","id":933260,"title":"The Substance","original_title":"The Substance","overview":"A fading celebrity decides to use a black market drug, a cell-replicating substance that temporarily creates a younger, better version of herself.","poster_path":"/lqoMzCcZYEFK729d6qzt349fB4o.jpg","media_type":"movie","adult":false,"original_language":"en","genre_ids":[27,878],"popularity":835.736,"release_date":"2024-09-07","video":false,"vote_average":7.1,"vote_count":3360},{"backdrop_path":"/m8iL42J8CuXh745BaQBa6b1mNrP.jpg","id":1101448,"title":"Unstoppable","original_title":"Unstoppable","overview":"Unstoppable is the inspiring true story of Anthony Robles who was born with one leg but whose unbreakable resolve empowered him to defy the odds and pursue his dreams. With the unwavering love and support of his devoted mother and the encouragement of his coaches, Anthony fights through adversity to earn a spot on the Arizona State Wrestling team on his quest to become an NCAA Champion.","poster_path":"/xanYKxuFkDPrMngvm1NSHVGOEjS.jpg","media_type":"movie","adult":false,"original_language":"en","genre_ids":[18,36],"popularity":111.895,"release_date":"2024-12-06","video":false,"vote_average":3.992,"vote_count":61},{"backdrop_path":"/wwARk7hRIfHfh2n2ubN6N7lvTne.jpg","id":710295,"title":"Wolf Man","original_title":"Wolf Man","overview":"With his marriage fraying, Blake persuades his wife Charlotte to take a break from the city and visit his remote childhood home in rural Oregon. As they arrive at the farmhouse in the dead of night, they're attacked by an unseen animal and barricade themselves inside the home as the creature prowls the perimeter. But as the night stretches on, Blake begins to behave strangely, transforming into something unrecognizable.","poster_path":"/tUtuMtC6oaRXr4x2B5Xi6ABdMCv.jpg","media_type":"movie","adult":false,"original_language":"en","genre_ids":[27,53],"popularity":321.207,"release_date":"2025-01-15","video":false,"vote_average":6.8,"vote_count":71},{"backdrop_path":"/oHPoF0Gzu8xwK4CtdXDaWdcuZxZ.jpg","id":762509,"title":"Mufasa: The Lion King","original_title":"Mufasa: The Lion King","overview":"Mufasa, a cub lost and alone, meets a sympathetic lion named Taka, the heir to a royal bloodline. The chance meeting sets in motion an expansive journey of a group of misfits searching for their destiny.","poster_path":"/jbOSUAWMGzGL1L4EaUF8K6zYFo7.jpg","media_type":"movie","adult":false,"original_language":"en","genre_ids":[12,10751,16],"popularity":2536.153,"release_date":"2024-12-18","video":false,"vote_average":7.434,"vote_count":814},{"backdrop_path":"/4cp40IyTpFfsT2IKpl0YlUkMBIR.jpg","id":1064213,"title":"Anora","original_title":"Anora","overview":"A young sex worker from Brooklyn gets her chance at a Cinderella story when she meets and impulsively marries the son of an oligarch. Once the news reaches Russia, her fairytale is threatened as his parents set out to get the marriage annulled.","poster_path":"/7MrgIUeq0DD2iF7GR6wqJfYZNeC.jpg","media_type":"movie","adult":false,"original_language":"en","genre_ids":[10749,35,18],"popularity":360.43,"release_date":"2024-10-14","video":false,"vote_average":7.0,"vote_count":772},{"backdrop_path":"/fViElUGfdoZjtnVxvSpJX8TwxY6.jpg","id":1013850,"title":"A Real Pain","original_title":"A Real Pain","overview":"Mismatched cousins David and Benji reunite for a tour through Poland to honor their beloved grandmother. The adventure takes a turn when the pair's old tensions resurface against the backdrop of their family history.","poster_path":"/yaTFjMNh8D78dDHrglivOTv5YOx.jpg","media_type":"movie","adult":false,"original_language":"en","genre_ids":[35,18],"popularity":272.615,"release_date":"2024-11-01","video":false,"vote_average":6.769,"vote_count":242},{"backdrop_path":"/b3mdmjYTEL70j7nuXATUAD9qgu4.jpg","id":823219,"title":"Flow","original_title":"Straume","overview":"A solitary cat, displaced by a great flood, finds refuge on a boat with various species and must navigate the challenges of adapting to a transformed world together.","poster_path":"/imKSymKBK7o73sajciEmndJoVkR.jpg","media_type":"movie","adult":false,"original_language":"lv","genre_ids":[16,14,12],"popularity":528.119,"release_date":"2024-08-29","video":false,"vote_average":8.398,"vote_count":848},{"backdrop_path":"/qSOMdbZ6AOdHR999HWwVAh6ALFI.jpg","id":1249289,"title":"Alarum","original_title":"Alarum","overview":"Two married spies caught in the crosshairs of an international intelligence network will stop at nothing to obtain a critical asset. Joe and Lara are agents living off the grid whose quiet retreat at a winter resort is blown to shreds when members of the old guard suspect the two may have joined an elite team of rogue spies, known as Alarum.","poster_path":"/v313aUGmMNj6yNveaiQXysBmjVS.jpg","media_type":"movie","adult":false,"original_language":"en","genre_ids":[28,80,53],"popularity":322.549,"release_date":"2025-01-16","video":false,"vote_average":5.8,"vote_count":28},{"backdrop_path":"/9V81UUI5MlRYgDCfK5E8iqi0eYM.jpg","id":454626,"title":"Sonic the Hedgehog","original_title":"Sonic the Hedgehog","overview":"Powered with incredible speed, Sonic The Hedgehog embraces his new home on Earth. That is, until Sonic sparks the attention of super-uncool evil genius Dr. Robotnik. Now it’s super-villain vs. super-sonic in an all-out race across the globe to stop Robotnik from using Sonic’s unique power for world domination.","poster_path":"/aQvJ5WPzZgYVDrxLX4R6cLJCEaQ.jpg","media_type":"movie","adult":false,"original_language":"en","genre_ids":[28,878,35,10751],"popularity":306.267,"release_date":"2020-02-12","video":false,"vote_average":7.308,"vote_count":9685},{"backdrop_path":"/6E0hbesJfpekAqL2AeHYukkHcbD.jpg","id":202879,"name":"Star Wars: Skeleton Crew","original_name":"Star Wars: Skeleton Crew","overview":"Four ordinary kids search for their home planet after getting lost in the Star Wars galaxy.","poster_path":"/srQbJhLRKoAwRrNN5ga7webPHbC.jpg","media_type":"tv","adult":false,"original_language":"en","genre_ids":[10759,10765],"popularity":322.881,"first_air_date":"2024-12-02","vote_average":7.1,"vote_count":202,"origin_country":["US"]}],"total_pages":500,"total_results":10000}
BODY END
REQUEST: https://api.themoviedb.org/3/configuration
METHOD: HttpMethod(value=GET)
COMMON HEADERS
-> Accept: application/json
-> Accept-Charset: UTF-8
-> Authorization: Bearer eyJhbGciOiJIUzI1NiJ9.eyJhdWQiOiIxOTk1NDA5ZWU2NDdjOTVlNjMyZDNiMzJlYzc3ODBjZSIsInN1YiI6IjYzMmMzN2Y5YzhmM2M0MDA4M2VhYmM1NyIsInNjb3BlcyI6WyJhcGlfcmVhZCJdLCJ2ZXJzaW9uIjoxfQ.dyUD9h6YUuIcRbx-pQY0HmCUc8xHd6qfBEcMDyFbd6I
CONTENT HEADERS
-> Content-Length: 0
BODY Content-Type: null
BODY START

BODY END
RESPONSE: 200 OK
METHOD: HttpMethod(value=GET)
FROM: https://api.themoviedb.org/3/configuration
COMMON HEADERS
-> age: 2891
-> alt-svc: h3=":443"; ma=86400
-> cache-control: public, max-age=16193
-> connection: keep-alive
-> content-length: 1073
-> content-type: application/json;charset=utf-8
-> date: Wed, 22 Jan 2025 21:14:54 GMT
-> etag: W/"633473beea78b7c1134b70098a3f7420"
-> server: openresty
-> vary: Origin; accept-encoding
-> via: 1.1 4614c36172b2854b1e1e94af37435c8e.cloudfront.net (CloudFront)
-> x-amz-cf-id: mytNz8ouhDx28gGfVwxYaeiOXHt8Ty5FMz7FUHZc2ImeOyd0BXVw4A==
-> x-amz-cf-pop: PRG50-C1
-> x-cache: Hit from cloudfront
-> x-memc: HIT
-> x-memc-age: 13017
-> x-memc-expires: 11742
-> x-memc-key: 7a5a8ba4b0a7dc8def909bb4971ed158
BODY Content-Type: application/json; charset=utf-8
BODY START
{"change_keys":["adult","air_date","also_known_as","alternative_titles","biography","birthday","budget","cast","certifications","character_names","created_by","crew","deathday","episode","episode_number","episode_run_time","freebase_id","freebase_mid","general","genres","guest_stars","homepage","images","imdb_id","languages","name","network","origin_country","original_name","original_title","overview","parts","place_of_birth","plot_keywords","production_code","production_companies","production_countries","releases","revenue","runtime","season","season_number","season_regular","spoken_languages","status","tagline","title","translations","tvdb_id","tvrage_id","type","video","videos"],"images":{"base_url":"http://image.tmdb.org/t/p/","secure_base_url":"https://image.tmdb.org/t/p/","backdrop_sizes":["w300","w780","w1280","original"],"logo_sizes":["w45","w92","w154","w185","w300","w500","original"],"poster_sizes":["w92","w154","w185","w342","w500","w780","original"],"profile_sizes":["w45","w185","h632","original"],"still_sizes":["w92","w185","w300","original"]}}
BODY END
REQUEST: https://api.themoviedb.org/3/trending/all/week?page=2
METHOD: HttpMethod(value=GET)
COMMON HEADERS
-> Accept: application/json
-> Accept-Charset: UTF-8
-> Authorization: Bearer eyJhbGciOiJIUzI1NiJ9.eyJhdWQiOiIxOTk1NDA5ZWU2NDdjOTVlNjMyZDNiMzJlYzc3ODBjZSIsInN1YiI6IjYzMmMzN2Y5YzhmM2M0MDA4M2VhYmM1NyIsInNjb3BlcyI6WyJhcGlfcmVhZCJdLCJ2ZXJzaW9uIjoxfQ.dyUD9h6YUuIcRbx-pQY0HmCUc8xHd6qfBEcMDyFbd6I
CONTENT HEADERS
-> Content-Length: 0
BODY Content-Type: null
BODY START

BODY END
RESPONSE: 200 OK
METHOD: HttpMethod(value=GET)
FROM: https://api.themoviedb.org/3/trending/all/week?page=2
COMMON HEADERS
-> alt-svc: h3=":443"; ma=86400
-> cache-control: public, max-age=367
-> connection: keep-alive
-> content-length: 13119
-> content-type: application/json;charset=utf-8
-> date: Wed, 22 Jan 2025 22:03:05 GMT
-> etag: W/"b9da378d24928230585400567da960e1"
-> server: openresty
-> vary: Origin; Accept-Encoding,accept-encoding
-> via: 1.1 4614c36172b2854b1e1e94af37435c8e.cloudfront.net (CloudFront)
-> x-amz-cf-id: QyjsNZruy4D4RbK8vRZ3YZRInl9zYec5D7eGq9wJIBSM3809-9HhcA==
-> x-amz-cf-pop: PRG50-C1
-> x-cache: Miss from cloudfront
-> x-memc: HIT
-> x-memc-age: 233
-> x-memc-expires: 367
-> x-memc-key: 19f92f804dd7f07b2fb0503c6efc573e
BODY Content-Type: application/json; charset=utf-8
BODY START
{"page":2,"results":[{"backdrop_path":"/euYIwmwkmz95mnXvufEmbL6ovhZ.jpg","id":558449,"title":"Gladiator II","original_title":"Gladiator II","overview":"Years after witnessing the death of the revered hero Maximus at the hands of his uncle, Lucius is forced to enter the Colosseum after his home is conquered by the tyrannical Emperors who now lead Rome with an iron fist. With rage in his heart and the future of the Empire at stake, Lucius must look to his past to find strength and honor to return the glory of Rome to its people.","poster_path":"/2cxhvwyEwRlysAmRH4iodkvo0z5.jpg","media_type":"movie","adult":false,"original_language":"en","genre_ids":[28,12,18],"popularity":1487.663,"release_date":"2024-11-05","video":false,"vote_average":6.755,"vote_count":2445},{"backdrop_path":"/vZG7PrX9HmdgL5qfZRjhJsFYEIA.jpg","id":912649,"title":"Venom: The Last Dance","original_title":"Venom: The Last Dance","overview":"Eddie and Venom are on the run. Hunted by both of their worlds and with the net closing in, the duo are forced into a devastating decision that will bring the curtains down on Venom and Eddie's last dance.","poster_path":"/aosm8NMQ3UyoBVpSxyimorCQykC.jpg","media_type":"movie","adult":false,"original_language":"en","genre_ids":[28,878,12],"popularity":1529.072,"release_date":"2024-10-22","video":false,"vote_average":6.781,"vote_count":2504},{"backdrop_path":"/hmZnqijPaaACjenDkrbWcCmcADI.jpg","id":549509,"title":"The Brutalist","original_title":"The Brutalist","overview":"Escaping post-war Europe, visionary architect László Tóth arrives in America to rebuild his life, his work, and his marriage to his wife Erzsébet after being forced apart during wartime by shifting borders and regimes. On his own in a strange new country, László settles in Pennsylvania, where the wealthy and prominent industrialist Harrison Lee Van Buren recognizes his talent for building. But power and legacy come at a heavy cost.","poster_path":"/vP7Yd6couiAaw9jgMd5cjMRj3hQ.jpg","media_type":"movie","adult":false,"original_language":"en","genre_ids":[18],"popularity":114.429,"release_date":"2024-12-20","video":false,"vote_average":6.0,"vote_count":37},{"backdrop_path":"/2ERLqcEBaJCIpBVR9O7RAapMGrw.jpg","id":1059128,"title":"Queer","original_title":"Queer","overview":"1950. William Lee, an American expat in Mexico City, spends his days almost entirely alone, except for a few contacts with other members of the small American community. His encounter with Eugene Allerton, an expat former soldier, new to the city, shows him, for the first time, that it might be finally possible to establish an intimate connection with somebody.","poster_path":"/xe4b2TMciLKA1C0JlhWxb4ENLln.jpg","media_type":"movie","adult":false,"original_language":"en","genre_ids":[18,10749],"popularity":282.929,"release_date":"2024-11-27","video":false,"vote_average":7.215,"vote_count":114},{"backdrop_path":"/4Mt7WHox67uJ1yErwTBFcV8KWgG.jpg","id":37854,"name":"One Piece","original_name":"ワンピース","overview":"Years ago, the fearsome Pirate King, Gol D. Roger was executed leaving a huge pile of treasure and the famous \"One Piece\" behind. Whoever claims the \"One Piece\" will be named the new King of the Pirates.\n\nMonkey D. Luffy, a boy who consumed a \"Devil Fruit,\" decides to follow in the footsteps of his idol, the pirate Shanks, and find the One Piece. It helps, of course, that his body has the properties of rubber and that he's surrounded by a bevy of skilled fighters and thieves to help him along the way.\n\nLuffy will do anything to get the One Piece and become King of the Pirates!","poster_path":"/cMD9Ygz11zjJzAovURpO75Qg7rT.jpg","media_type":"tv","adult":false,"original_language":"ja","genre_ids":[10759,35,16],"popularity":192.953,"first_air_date":"1999-10-20","vote_average":8.7,"vote_count":4765,"origin_country":["JP"]},{"backdrop_path":"/1FxG2lmDYsCM1svJf7H79HNNwu2.jpg","id":215866,"name":"American Primeval","original_name":"American Primeval","overview":"A mother and son fleeing from their past form a found family while confronting a harsh landscape of freedom and cruelty in the American West.","poster_path":"/ff0s9OHGNSZL6cVteIb7LNvTnJD.jpg","media_type":"tv","adult":false,"original_language":"en","genre_ids":[37,18,10759],"popularity":444.288,"first_air_date":"2025-01-09","vote_average":7.643,"vote_count":129,"origin_country":["US"]},{"backdrop_path":"/66nlC5LDZmDUWONGkUZT2BrOszG.jpg","id":974576,"title":"Conclave","original_title":"Conclave","overview":"After the unexpected death of the Pope, Cardinal Lawrence is tasked with managing the covert and ancient ritual of electing a new one. Sequestered in the Vatican with the Catholic Church’s most powerful leaders until the process is complete, Lawrence finds himself at the center of a conspiracy that could lead to its downfall.","poster_path":"/m5x8D0bZ3eKqIVWZ5y7TnZ2oTVg.jpg","media_type":"movie","adult":false,"original_language":"en","genre_ids":[18],"popularity":210.055,"release_date":"2024-10-25","video":false,"vote_average":7.172,"vote_count":902},{"backdrop_path":"/zZqpAXxVSBtxV9qPBcscfXBcL2w.jpg","id":1399,"name":"Game of Thrones","original_name":"Game of Thrones","overview":"Seven noble families fight for control of the mythical land of Westeros. Friction between the houses leads to full-scale war. All while a very ancient evil awakens in the farthest north. Amidst the war, a neglected military order of misfits, the Night's Watch, is all that stands between the realms of men and icy horrors beyond.","poster_path":"/1XS1oqL89opfnbLl8WnZY1O1uJx.jpg","media_type":"tv","adult":false,"original_language":"en","genre_ids":[10765,18,10759],"popularity":832.914,"first_air_date":"2011-04-17","vote_average":8.5,"vote_count":24461,"origin_country":["US"]},{"backdrop_path":"/AvIfrjJL9WRk3TziSvOZCTUHKEn.jpg","id":516729,"title":"Paddington in Peru","original_title":"Paddington in Peru","overview":"Paddington travels to Peru to visit his beloved Aunt Lucy, who now resides at the Home for Retired Bears. With the Brown Family in tow, a thrilling adventure ensues when a mystery plunges them into an unexpected journey through the Amazon rainforest and up to the mountain peaks of Peru.","poster_path":"/1ffZAucqfvQu36x1C49XfOdjuOG.jpg","media_type":"movie","adult":false,"original_language":"en","genre_ids":[35,10751,12],"popularity":156.634,"release_date":"2024-11-08","video":false,"vote_average":7.3,"vote_count":47},{"backdrop_path":"/rOMLLMGgDgGG6XeT3P8sUdUb8nl.jpg","id":1126166,"title":"Flight Risk","original_title":"Flight Risk","overview":"A U.S. Marshal escorts a government witness to trial after he is accused of getting involved with a mob boss, only to discover that the pilot who is transporting them is also a hitman that had been sent to assassinate the informant. After they subdue him, they’re forced to fly together after discovering that there are others attempting to eliminate them.","poster_path":"/4cR3hImKd78dSs652PAkSAyJ5Cx.jpg","media_type":"movie","adult":false,"original_language":"en","genre_ids":[53,28,80,18],"popularity":153.616,"release_date":"2025-01-22","video":false,"vote_average":5.75,"vote_count":2},{"backdrop_path":"/u2eA9pqi1q3DvevT7RuDuJHxxBT.jpg","id":974950,"title":"Emilia Pérez","original_title":"Emilia Pérez","overview":"Rita, an underrated lawyer working for a large law firm more interested in getting criminals out of jail than bringing them to justice, is hired by the leader of a criminal organization.","poster_path":"/7seqaCaaXDNUHOx4DqwpoOH8pPa.jpg","media_type":"movie","adult":false,"original_language":"fr","genre_ids":[18,53],"popularity":180.857,"release_date":"2024-08-21","video":false,"vote_average":7.694,"vote_count":840},{"backdrop_path":"/vYqt6kb4lcF8wwqsMMaULkP9OEn.jpg","id":1241982,"title":"Moana 2","original_title":"Moana 2","overview":"After receiving an unexpected call from her wayfinding ancestors, Moana journeys alongside Maui and a new crew to the far seas of Oceania and into dangerous, long-lost waters for an adventure unlike anything she's ever faced.","poster_path":"/aLVkiINlIeCkcZIzb7XHzPYgO6L.jpg","media_type":"movie","adult":false,"original_language":"en","genre_ids":[16,12,10751,35,9648],"popularity":1377.992,"release_date":"2024-11-21","video":false,"vote_average":7.006,"vote_count":885},{"backdrop_path":"/ag66gJCiZ06q1GSJuQlhGLi3Udx.jpg","id":1138194,"title":"Heretic","original_title":"Heretic","overview":"Two young missionaries are forced to prove their faith when they knock on the wrong door and are greeted by a diabolical Mr. Reed, becoming ensnared in his deadly game of cat-and-mouse.","poster_path":"/5HJqjCTcaE1TFwnNh3Dn21be2es.jpg","media_type":"movie","adult":false,"original_language":"en","genre_ids":[27,53],"popularity":637.956,"release_date":"2024-10-31","video":false,"vote_average":7.2,"vote_count":920},{"backdrop_path":"/2wqYNWasS3cxjAvoNfUTAZ58XGT.jpg","id":1088514,"title":"The Room Next Door","original_title":"La habitación de al lado","overview":"Ingrid and Martha were close friends in their youth, when they worked together at the same magazine. Ingrid went on to become an autofiction novelist while Martha became a war reporter, and they were separated by the circumstances of life. After years of being out of touch, they meet again in an extreme but strangely sweet situation.","poster_path":"/786Uu8eHfctp2TkII7ga1AnTBSs.jpg","media_type":"movie","adult":false,"original_language":"es","genre_ids":[18],"popularity":269.087,"release_date":"2024-10-07","video":false,"vote_average":7.0,"vote_count":265},{"backdrop_path":"/1swj9HxDkjzsO3yHlSwRA38hMFN.jpg","id":123548,"name":"Castlevania: Nocturne","original_name":"Castlevania: Nocturne","overview":"As revolution sweeps France, Richter Belmont fights to uphold his family's legacy and prevent the rise of a ruthless, power-hungry vampire ruler.","poster_path":"/tslJx5LPn2aXX3USGYbh0KbglnB.jpg","media_type":"tv","adult":false,"original_language":"en","genre_ids":[16,10765,18],"popularity":184.965,"first_air_date":"2023-09-28","vote_average":7.831,"vote_count":169,"origin_country":["US"]},{"backdrop_path":"/lrP1TQf3stZveNEyviUUcSh8HLA.jpg","id":675353,"title":"Sonic the Hedgehog 2","original_title":"Sonic the Hedgehog 2","overview":"After settling in Green Hills, Sonic is eager to prove he has what it takes to be a true hero. His test comes when Dr. Robotnik returns, this time with a new partner, Knuckles, in search for an emerald that has the power to destroy civilizations. Sonic teams up with his own sidekick, Tails, and together they embark on a globe-trotting journey to find the emerald before it falls into the wrong hands.","poster_path":"/6DrHO1jr3qVrViUO6s6kFiAGM7.jpg","media_type":"movie","adult":false,"original_language":"en","genre_ids":[28,12,10751,35],"popularity":339.619,"release_date":"2022-03-30","video":false,"vote_average":7.5,"vote_count":5210},{"backdrop_path":"/9iwmsNVjbex9qa7FhqDUh92EjdQ.jpg","id":225941,"name":"I Am Nobody","original_name":"异人之下","overview":"When a student unearths the truth behind his grandfather’s life, he must unveil his secret superpowers to an underworld eager for his emergence.","poster_path":"/aZT7iZwR4LE2kk7sXWslgpOP7oT.jpg","media_type":"tv","adult":false,"original_language":"zh","genre_ids":[10759,18,10765],"popularity":542.744,"first_air_date":"2023-08-04","vote_average":8.8,"vote_count":26,"origin_country":["CN"]},{"backdrop_path":"/2P0PUkQ1tNHNYTEmtbBmM8MfXBG.jpg","id":696506,"title":"Mickey 17","original_title":"Mickey 17","overview":"Mickey Barnes has found himself in the extraordinary circumstance of working for an employer who demands the ultimate commitment to the job… to die, for a living.","poster_path":"/sY4n1osXuddwZokEmWUu1kq7U8g.jpg","media_type":"movie","adult":false,"original_language":"en","genre_ids":[878,28,35],"popularity":51.722,"release_date":"2025-02-28","video":false,"vote_average":0.0,"vote_count":0},{"backdrop_path":"/hctfNoMpQGfn3VXdBYb9p0P5bT5.jpg","id":1097549,"title":"Babygirl","original_title":"Babygirl","overview":"A high-powered CEO puts her career and family on the line when she begins a torrid affair with her much younger intern.","poster_path":"/A8HbTd0FemZyFCh5qvJFpHGiwF8.jpg","media_type":"movie","adult":false,"original_language":"en","genre_ids":[18],"popularity":237.034,"release_date":"2024-12-25","video":false,"vote_average":5.672,"vote_count":125},{"backdrop_path":"/dZklTql88IDOmkC3JAYQSTgyK6f.jpg","id":1920,"name":"Twin Peaks","original_name":"Twin Peaks","overview":"The body of Laura Palmer is washed up on a beach near the small Washington state town of Twin Peaks. FBI Special Agent Dale Cooper is called in to investigate her strange demise only to uncover a web of mystery that ultimately leads him deep into the heart of the surrounding woodland and his very own soul.","poster_path":"/lA9CNSdo50iQPZ8A2fyVpMvJZAf.jpg","media_type":"tv","adult":false,"original_language":"en","genre_ids":[18,9648],"popularity":259.92,"first_air_date":"1990-04-08","vote_average":8.3,"vote_count":2127,"origin_country":["US"]}],"total_pages":500,"total_results":10000}
BODY END
]]></system-out>
  <system-err><![CDATA[SLF4J(W): No SLF4J providers were found.
SLF4J(W): Defaulting to no-operation (NOP) logger implementation
SLF4J(W): See https://www.slf4j.org/codes.html#noProviders for further details.
]]></system-err>
</testsuite>
